/home/lyuan/.local/lib/python3.10/site-packages/matplotlib/quiver.py:632: RuntimeWarning: Mean of empty slice.
  amean = a.mean()
/home/lyuan/.local/lib/python3.10/site-packages/numpy/core/_methods.py:129: RuntimeWarning: invalid value encountered in scalar divide
  ret = ret.dtype.type(ret / rcount)
Moviepy - Building video ../photo_video/test29/../test29.mp4.
Moviepy - Writing video ../photo_video/test29/../test29.mp4

t:   0%|          | 0/1 [00:00<?, ?it/s, now=None]                                                  Moviepy - Done !
Moviepy - video ready ../photo_video/test29/../test29.mp4
/home/lyuan/.local/lib/python3.10/site-packages/matplotlib/quiver.py:632: RuntimeWarning: Mean of empty slice.
  amean = a.mean()
/home/lyuan/.local/lib/python3.10/site-packages/numpy/core/_methods.py:129: RuntimeWarning: invalid value encountered in scalar divide
  ret = ret.dtype.type(ret / rcount)
/home/lyuan/.local/lib/python3.10/site-packages/matplotlib/quiver.py:632: RuntimeWarning: Mean of empty slice.
  amean = a.mean()
/home/lyuan/.local/lib/python3.10/site-packages/numpy/core/_methods.py:129: RuntimeWarning: invalid value encountered in scalar divide
  ret = ret.dtype.type(ret / rcount)
/home/lyuan/.local/lib/python3.10/site-packages/matplotlib/quiver.py:632: RuntimeWarning: Mean of empty slice.
  amean = a.mean()
/home/lyuan/.local/lib/python3.10/site-packages/numpy/core/_methods.py:129: RuntimeWarning: invalid value encountered in scalar divide
  ret = ret.dtype.type(ret / rcount)
/home/lyuan/.local/lib/python3.10/site-packages/matplotlib/quiver.py:632: RuntimeWarning: Mean of empty slice.
  amean = a.mean()
/home/lyuan/.local/lib/python3.10/site-packages/numpy/core/_methods.py:129: RuntimeWarning: invalid value encountered in scalar divide
  ret = ret.dtype.type(ret / rcount)
/home/lyuan/.local/lib/python3.10/site-packages/matplotlib/quiver.py:632: RuntimeWarning: Mean of empty slice.
  amean = a.mean()
/home/lyuan/.local/lib/python3.10/site-packages/numpy/core/_methods.py:129: RuntimeWarning: invalid value encountered in scalar divide
  ret = ret.dtype.type(ret / rcount)
/home/lyuan/.local/lib/python3.10/site-packages/matplotlib/quiver.py:632: RuntimeWarning: Mean of empty slice.
  amean = a.mean()
/home/lyuan/.local/lib/python3.10/site-packages/numpy/core/_methods.py:129: RuntimeWarning: invalid value encountered in scalar divide
  ret = ret.dtype.type(ret / rcount)
/home/lyuan/.local/lib/python3.10/site-packages/matplotlib/quiver.py:632: RuntimeWarning: Mean of empty slice.
  amean = a.mean()
/home/lyuan/.local/lib/python3.10/site-packages/numpy/core/_methods.py:129: RuntimeWarning: invalid value encountered in scalar divide
  ret = ret.dtype.type(ret / rcount)
/home/lyuan/.local/lib/python3.10/site-packages/matplotlib/quiver.py:632: RuntimeWarning: Mean of empty slice.
  amean = a.mean()
/home/lyuan/.local/lib/python3.10/site-packages/numpy/core/_methods.py:129: RuntimeWarning: invalid value encountered in scalar divide
  ret = ret.dtype.type(ret / rcount)
/home/lyuan/.local/lib/python3.10/site-packages/matplotlib/quiver.py:632: RuntimeWarning: Mean of empty slice.
  amean = a.mean()
/home/lyuan/.local/lib/python3.10/site-packages/numpy/core/_methods.py:129: RuntimeWarning: invalid value encountered in scalar divide
  ret = ret.dtype.type(ret / rcount)
/home/lyuan/.local/lib/python3.10/site-packages/matplotlib/quiver.py:632: RuntimeWarning: Mean of empty slice.
  amean = a.mean()
/home/lyuan/.local/lib/python3.10/site-packages/numpy/core/_methods.py:129: RuntimeWarning: invalid value encountered in scalar divide
  ret = ret.dtype.type(ret / rcount)
/home/lyuan/.local/lib/python3.10/site-packages/matplotlib/quiver.py:632: RuntimeWarning: Mean of empty slice.
  amean = a.mean()
/home/lyuan/.local/lib/python3.10/site-packages/numpy/core/_methods.py:129: RuntimeWarning: invalid value encountered in scalar divide
  ret = ret.dtype.type(ret / rcount)
/home/lyuan/.local/lib/python3.10/site-packages/matplotlib/quiver.py:632: RuntimeWarning: Mean of empty slice.
  amean = a.mean()
/home/lyuan/.local/lib/python3.10/site-packages/numpy/core/_methods.py:129: RuntimeWarning: invalid value encountered in scalar divide
  ret = ret.dtype.type(ret / rcount)
/home/lyuan/.local/lib/python3.10/site-packages/matplotlib/quiver.py:632: RuntimeWarning: Mean of empty slice.
  amean = a.mean()
/home/lyuan/.local/lib/python3.10/site-packages/numpy/core/_methods.py:129: RuntimeWarning: invalid value encountered in scalar divide
  ret = ret.dtype.type(ret / rcount)
/home/lyuan/.local/lib/python3.10/site-packages/matplotlib/quiver.py:632: RuntimeWarning: Mean of empty slice.
  amean = a.mean()
/home/lyuan/.local/lib/python3.10/site-packages/numpy/core/_methods.py:129: RuntimeWarning: invalid value encountered in scalar divide
  ret = ret.dtype.type(ret / rcount)
/home/lyuan/.local/lib/python3.10/site-packages/matplotlib/quiver.py:632: RuntimeWarning: Mean of empty slice.
  amean = a.mean()
/home/lyuan/.local/lib/python3.10/site-packages/numpy/core/_methods.py:129: RuntimeWarning: invalid value encountered in scalar divide
  ret = ret.dtype.type(ret / rcount)
/home/lyuan/.local/lib/python3.10/site-packages/matplotlib/quiver.py:632: RuntimeWarning: Mean of empty slice.
  amean = a.mean()
/home/lyuan/.local/lib/python3.10/site-packages/numpy/core/_methods.py:129: RuntimeWarning: invalid value encountered in scalar divide
  ret = ret.dtype.type(ret / rcount)
/home/lyuan/.local/lib/python3.10/site-packages/matplotlib/quiver.py:632: RuntimeWarning: Mean of empty slice.
  amean = a.mean()
/home/lyuan/.local/lib/python3.10/site-packages/numpy/core/_methods.py:129: RuntimeWarning: invalid value encountered in scalar divide
  ret = ret.dtype.type(ret / rcount)
/home/lyuan/.local/lib/python3.10/site-packages/matplotlib/quiver.py:632: RuntimeWarning: Mean of empty slice.
  amean = a.mean()
/home/lyuan/.local/lib/python3.10/site-packages/numpy/core/_methods.py:129: RuntimeWarning: invalid value encountered in scalar divide
  ret = ret.dtype.type(ret / rcount)
/home/lyuan/.local/lib/python3.10/site-packages/matplotlib/quiver.py:632: RuntimeWarning: Mean of empty slice.
  amean = a.mean()
/home/lyuan/.local/lib/python3.10/site-packages/numpy/core/_methods.py:129: RuntimeWarning: invalid value encountered in scalar divide
  ret = ret.dtype.type(ret / rcount)
/home/lyuan/.local/lib/python3.10/site-packages/matplotlib/quiver.py:632: RuntimeWarning: Mean of empty slice.
  amean = a.mean()
/home/lyuan/.local/lib/python3.10/site-packages/numpy/core/_methods.py:129: RuntimeWarning: invalid value encountered in scalar divide
  ret = ret.dtype.type(ret / rcount)
/home/lyuan/.local/lib/python3.10/site-packages/matplotlib/quiver.py:632: RuntimeWarning: Mean of empty slice.
  amean = a.mean()
/home/lyuan/.local/lib/python3.10/site-packages/numpy/core/_methods.py:129: RuntimeWarning: invalid value encountered in scalar divide
  ret = ret.dtype.type(ret / rcount)
/home/lyuan/.local/lib/python3.10/site-packages/matplotlib/quiver.py:632: RuntimeWarning: Mean of empty slice.
  amean = a.mean()
/home/lyuan/.local/lib/python3.10/site-packages/numpy/core/_methods.py:129: RuntimeWarning: invalid value encountered in scalar divide
  ret = ret.dtype.type(ret / rcount)
/home/lyuan/.local/lib/python3.10/site-packages/matplotlib/quiver.py:632: RuntimeWarning: Mean of empty slice.
  amean = a.mean()
/home/lyuan/.local/lib/python3.10/site-packages/numpy/core/_methods.py:129: RuntimeWarning: invalid value encountered in scalar divide
  ret = ret.dtype.type(ret / rcount)
/home/lyuan/.local/lib/python3.10/site-packages/matplotlib/quiver.py:632: RuntimeWarning: Mean of empty slice.
  amean = a.mean()
/home/lyuan/.local/lib/python3.10/site-packages/numpy/core/_methods.py:129: RuntimeWarning: invalid value encountered in scalar divide
  ret = ret.dtype.type(ret / rcount)
/home/lyuan/.local/lib/python3.10/site-packages/matplotlib/quiver.py:632: RuntimeWarning: Mean of empty slice.
  amean = a.mean()
/home/lyuan/.local/lib/python3.10/site-packages/numpy/core/_methods.py:129: RuntimeWarning: invalid value encountered in scalar divide
  ret = ret.dtype.type(ret / rcount)
/home/lyuan/.local/lib/python3.10/site-packages/matplotlib/quiver.py:632: RuntimeWarning: Mean of empty slice.
  amean = a.mean()
/home/lyuan/.local/lib/python3.10/site-packages/numpy/core/_methods.py:129: RuntimeWarning: invalid value encountered in scalar divide
  ret = ret.dtype.type(ret / rcount)
/home/lyuan/.local/lib/python3.10/site-packages/matplotlib/quiver.py:632: RuntimeWarning: Mean of empty slice.
  amean = a.mean()
/home/lyuan/.local/lib/python3.10/site-packages/numpy/core/_methods.py:129: RuntimeWarning: invalid value encountered in scalar divide
  ret = ret.dtype.type(ret / rcount)
/home/lyuan/.local/lib/python3.10/site-packages/matplotlib/quiver.py:632: RuntimeWarning: Mean of empty slice.
  amean = a.mean()
/home/lyuan/.local/lib/python3.10/site-packages/numpy/core/_methods.py:129: RuntimeWarning: invalid value encountered in scalar divide
  ret = ret.dtype.type(ret / rcount)
/home/lyuan/.local/lib/python3.10/site-packages/matplotlib/quiver.py:632: RuntimeWarning: Mean of empty slice.
  amean = a.mean()
/home/lyuan/.local/lib/python3.10/site-packages/numpy/core/_methods.py:129: RuntimeWarning: invalid value encountered in scalar divide
  ret = ret.dtype.type(ret / rcount)
/home/lyuan/.local/lib/python3.10/site-packages/matplotlib/quiver.py:632: RuntimeWarning: Mean of empty slice.
  amean = a.mean()
/home/lyuan/.local/lib/python3.10/site-packages/numpy/core/_methods.py:129: RuntimeWarning: invalid value encountered in scalar divide
  ret = ret.dtype.type(ret / rcount)
/home/lyuan/.local/lib/python3.10/site-packages/matplotlib/quiver.py:632: RuntimeWarning: Mean of empty slice.
  amean = a.mean()
/home/lyuan/.local/lib/python3.10/site-packages/numpy/core/_methods.py:129: RuntimeWarning: invalid value encountered in scalar divide
  ret = ret.dtype.type(ret / rcount)
/home/lyuan/.local/lib/python3.10/site-packages/matplotlib/quiver.py:632: RuntimeWarning: Mean of empty slice.
  amean = a.mean()
/home/lyuan/.local/lib/python3.10/site-packages/numpy/core/_methods.py:129: RuntimeWarning: invalid value encountered in scalar divide
  ret = ret.dtype.type(ret / rcount)
/home/lyuan/.local/lib/python3.10/site-packages/matplotlib/quiver.py:632: RuntimeWarning: Mean of empty slice.
  amean = a.mean()
/home/lyuan/.local/lib/python3.10/site-packages/numpy/core/_methods.py:129: RuntimeWarning: invalid value encountered in scalar divide
  ret = ret.dtype.type(ret / rcount)
/home/lyuan/.local/lib/python3.10/site-packages/matplotlib/quiver.py:632: RuntimeWarning: Mean of empty slice.
  amean = a.mean()
/home/lyuan/.local/lib/python3.10/site-packages/numpy/core/_methods.py:129: RuntimeWarning: invalid value encountered in scalar divide
  ret = ret.dtype.type(ret / rcount)
/home/lyuan/.local/lib/python3.10/site-packages/matplotlib/quiver.py:632: RuntimeWarning: Mean of empty slice.
  amean = a.mean()
/home/lyuan/.local/lib/python3.10/site-packages/numpy/core/_methods.py:129: RuntimeWarning: invalid value encountered in scalar divide
  ret = ret.dtype.type(ret / rcount)
/home/lyuan/.local/lib/python3.10/site-packages/matplotlib/quiver.py:632: RuntimeWarning: Mean of empty slice.
  amean = a.mean()
/home/lyuan/.local/lib/python3.10/site-packages/numpy/core/_methods.py:129: RuntimeWarning: invalid value encountered in scalar divide
  ret = ret.dtype.type(ret / rcount)
/home/lyuan/.local/lib/python3.10/site-packages/matplotlib/quiver.py:632: RuntimeWarning: Mean of empty slice.
  amean = a.mean()
/home/lyuan/.local/lib/python3.10/site-packages/numpy/core/_methods.py:129: RuntimeWarning: invalid value encountered in scalar divide
  ret = ret.dtype.type(ret / rcount)
/home/lyuan/.local/lib/python3.10/site-packages/matplotlib/quiver.py:632: RuntimeWarning: Mean of empty slice.
  amean = a.mean()
/home/lyuan/.local/lib/python3.10/site-packages/numpy/core/_methods.py:129: RuntimeWarning: invalid value encountered in scalar divide
  ret = ret.dtype.type(ret / rcount)
/home/lyuan/.local/lib/python3.10/site-packages/matplotlib/quiver.py:632: RuntimeWarning: Mean of empty slice.
  amean = a.mean()
/home/lyuan/.local/lib/python3.10/site-packages/numpy/core/_methods.py:129: RuntimeWarning: invalid value encountered in scalar divide
  ret = ret.dtype.type(ret / rcount)
/home/lyuan/.local/lib/python3.10/site-packages/matplotlib/quiver.py:632: RuntimeWarning: Mean of empty slice.
  amean = a.mean()
/home/lyuan/.local/lib/python3.10/site-packages/numpy/core/_methods.py:129: RuntimeWarning: invalid value encountered in scalar divide
  ret = ret.dtype.type(ret / rcount)
/home/lyuan/.local/lib/python3.10/site-packages/matplotlib/quiver.py:632: RuntimeWarning: Mean of empty slice.
  amean = a.mean()
/home/lyuan/.local/lib/python3.10/site-packages/numpy/core/_methods.py:129: RuntimeWarning: invalid value encountered in scalar divide
  ret = ret.dtype.type(ret / rcount)
/home/lyuan/.local/lib/python3.10/site-packages/matplotlib/quiver.py:632: RuntimeWarning: Mean of empty slice.
  amean = a.mean()
/home/lyuan/.local/lib/python3.10/site-packages/numpy/core/_methods.py:129: RuntimeWarning: invalid value encountered in scalar divide
  ret = ret.dtype.type(ret / rcount)
/home/lyuan/.local/lib/python3.10/site-packages/matplotlib/quiver.py:632: RuntimeWarning: Mean of empty slice.
  amean = a.mean()
/home/lyuan/.local/lib/python3.10/site-packages/numpy/core/_methods.py:129: RuntimeWarning: invalid value encountered in scalar divide
  ret = ret.dtype.type(ret / rcount)
/home/lyuan/.local/lib/python3.10/site-packages/matplotlib/quiver.py:632: RuntimeWarning: Mean of empty slice.
  amean = a.mean()
/home/lyuan/.local/lib/python3.10/site-packages/numpy/core/_methods.py:129: RuntimeWarning: invalid value encountered in scalar divide
  ret = ret.dtype.type(ret / rcount)
/home/lyuan/.local/lib/python3.10/site-packages/matplotlib/quiver.py:632: RuntimeWarning: Mean of empty slice.
  amean = a.mean()
/home/lyuan/.local/lib/python3.10/site-packages/numpy/core/_methods.py:129: RuntimeWarning: invalid value encountered in scalar divide
  ret = ret.dtype.type(ret / rcount)
/home/lyuan/.local/lib/python3.10/site-packages/matplotlib/quiver.py:632: RuntimeWarning: Mean of empty slice.
  amean = a.mean()
/home/lyuan/.local/lib/python3.10/site-packages/numpy/core/_methods.py:129: RuntimeWarning: invalid value encountered in scalar divide
  ret = ret.dtype.type(ret / rcount)
/home/lyuan/.local/lib/python3.10/site-packages/matplotlib/quiver.py:632: RuntimeWarning: Mean of empty slice.
  amean = a.mean()
/home/lyuan/.local/lib/python3.10/site-packages/numpy/core/_methods.py:129: RuntimeWarning: invalid value encountered in scalar divide
  ret = ret.dtype.type(ret / rcount)
/home/lyuan/.local/lib/python3.10/site-packages/matplotlib/quiver.py:632: RuntimeWarning: Mean of empty slice.
  amean = a.mean()
/home/lyuan/.local/lib/python3.10/site-packages/numpy/core/_methods.py:129: RuntimeWarning: invalid value encountered in scalar divide
  ret = ret.dtype.type(ret / rcount)
/home/lyuan/.local/lib/python3.10/site-packages/matplotlib/quiver.py:632: RuntimeWarning: Mean of empty slice.
  amean = a.mean()
/home/lyuan/.local/lib/python3.10/site-packages/numpy/core/_methods.py:129: RuntimeWarning: invalid value encountered in scalar divide
  ret = ret.dtype.type(ret / rcount)
/home/lyuan/.local/lib/python3.10/site-packages/matplotlib/quiver.py:632: RuntimeWarning: Mean of empty slice.
  amean = a.mean()
/home/lyuan/.local/lib/python3.10/site-packages/numpy/core/_methods.py:129: RuntimeWarning: invalid value encountered in scalar divide
  ret = ret.dtype.type(ret / rcount)
/home/lyuan/.local/lib/python3.10/site-packages/matplotlib/quiver.py:632: RuntimeWarning: Mean of empty slice.
  amean = a.mean()
/home/lyuan/.local/lib/python3.10/site-packages/numpy/core/_methods.py:129: RuntimeWarning: invalid value encountered in scalar divide
  ret = ret.dtype.type(ret / rcount)
/home/lyuan/.local/lib/python3.10/site-packages/matplotlib/quiver.py:632: RuntimeWarning: Mean of empty slice.
  amean = a.mean()
/home/lyuan/.local/lib/python3.10/site-packages/numpy/core/_methods.py:129: RuntimeWarning: invalid value encountered in scalar divide
  ret = ret.dtype.type(ret / rcount)
/home/lyuan/.local/lib/python3.10/site-packages/matplotlib/quiver.py:632: RuntimeWarning: Mean of empty slice.
  amean = a.mean()
/home/lyuan/.local/lib/python3.10/site-packages/numpy/core/_methods.py:129: RuntimeWarning: invalid value encountered in scalar divide
  ret = ret.dtype.type(ret / rcount)
/home/lyuan/.local/lib/python3.10/site-packages/matplotlib/quiver.py:632: RuntimeWarning: Mean of empty slice.
  amean = a.mean()
/home/lyuan/.local/lib/python3.10/site-packages/numpy/core/_methods.py:129: RuntimeWarning: invalid value encountered in scalar divide
  ret = ret.dtype.type(ret / rcount)
/home/lyuan/.local/lib/python3.10/site-packages/matplotlib/quiver.py:632: RuntimeWarning: Mean of empty slice.
  amean = a.mean()
/home/lyuan/.local/lib/python3.10/site-packages/numpy/core/_methods.py:129: RuntimeWarning: invalid value encountered in scalar divide
  ret = ret.dtype.type(ret / rcount)
/home/lyuan/.local/lib/python3.10/site-packages/matplotlib/quiver.py:632: RuntimeWarning: Mean of empty slice.
  amean = a.mean()
/home/lyuan/.local/lib/python3.10/site-packages/numpy/core/_methods.py:129: RuntimeWarning: invalid value encountered in scalar divide
  ret = ret.dtype.type(ret / rcount)
/home/lyuan/.local/lib/python3.10/site-packages/matplotlib/quiver.py:632: RuntimeWarning: Mean of empty slice.
  amean = a.mean()
/home/lyuan/.local/lib/python3.10/site-packages/numpy/core/_methods.py:129: RuntimeWarning: invalid value encountered in scalar divide
  ret = ret.dtype.type(ret / rcount)
/home/lyuan/.local/lib/python3.10/site-packages/matplotlib/quiver.py:632: RuntimeWarning: Mean of empty slice.
  amean = a.mean()
/home/lyuan/.local/lib/python3.10/site-packages/numpy/core/_methods.py:129: RuntimeWarning: invalid value encountered in scalar divide
  ret = ret.dtype.type(ret / rcount)
/home/lyuan/.local/lib/python3.10/site-packages/matplotlib/quiver.py:632: RuntimeWarning: Mean of empty slice.
  amean = a.mean()
/home/lyuan/.local/lib/python3.10/site-packages/numpy/core/_methods.py:129: RuntimeWarning: invalid value encountered in scalar divide
  ret = ret.dtype.type(ret / rcount)
/home/lyuan/.local/lib/python3.10/site-packages/matplotlib/quiver.py:632: RuntimeWarning: Mean of empty slice.
  amean = a.mean()
/home/lyuan/.local/lib/python3.10/site-packages/numpy/core/_methods.py:129: RuntimeWarning: invalid value encountered in scalar divide
  ret = ret.dtype.type(ret / rcount)
/home/lyuan/.local/lib/python3.10/site-packages/matplotlib/quiver.py:632: RuntimeWarning: Mean of empty slice.
  amean = a.mean()
/home/lyuan/.local/lib/python3.10/site-packages/numpy/core/_methods.py:129: RuntimeWarning: invalid value encountered in scalar divide
  ret = ret.dtype.type(ret / rcount)
/home/lyuan/.local/lib/python3.10/site-packages/matplotlib/quiver.py:632: RuntimeWarning: Mean of empty slice.
  amean = a.mean()
/home/lyuan/.local/lib/python3.10/site-packages/numpy/core/_methods.py:129: RuntimeWarning: invalid value encountered in scalar divide
  ret = ret.dtype.type(ret / rcount)
/home/lyuan/.local/lib/python3.10/site-packages/matplotlib/quiver.py:632: RuntimeWarning: Mean of empty slice.
  amean = a.mean()
/home/lyuan/.local/lib/python3.10/site-packages/numpy/core/_methods.py:129: RuntimeWarning: invalid value encountered in scalar divide
  ret = ret.dtype.type(ret / rcount)
/home/lyuan/.local/lib/python3.10/site-packages/matplotlib/quiver.py:632: RuntimeWarning: Mean of empty slice.
  amean = a.mean()
/home/lyuan/.local/lib/python3.10/site-packages/numpy/core/_methods.py:129: RuntimeWarning: invalid value encountered in scalar divide
  ret = ret.dtype.type(ret / rcount)
/home/lyuan/.local/lib/python3.10/site-packages/matplotlib/quiver.py:632: RuntimeWarning: Mean of empty slice.
  amean = a.mean()
/home/lyuan/.local/lib/python3.10/site-packages/numpy/core/_methods.py:129: RuntimeWarning: invalid value encountered in scalar divide
  ret = ret.dtype.type(ret / rcount)
/home/lyuan/.local/lib/python3.10/site-packages/matplotlib/quiver.py:632: RuntimeWarning: Mean of empty slice.
  amean = a.mean()
/home/lyuan/.local/lib/python3.10/site-packages/numpy/core/_methods.py:129: RuntimeWarning: invalid value encountered in scalar divide
  ret = ret.dtype.type(ret / rcount)
/home/lyuan/.local/lib/python3.10/site-packages/matplotlib/quiver.py:632: RuntimeWarning: Mean of empty slice.
  amean = a.mean()
/home/lyuan/.local/lib/python3.10/site-packages/numpy/core/_methods.py:129: RuntimeWarning: invalid value encountered in scalar divide
  ret = ret.dtype.type(ret / rcount)
/home/lyuan/.local/lib/python3.10/site-packages/matplotlib/quiver.py:632: RuntimeWarning: Mean of empty slice.
  amean = a.mean()
/home/lyuan/.local/lib/python3.10/site-packages/numpy/core/_methods.py:129: RuntimeWarning: invalid value encountered in scalar divide
  ret = ret.dtype.type(ret / rcount)
/home/lyuan/.local/lib/python3.10/site-packages/matplotlib/quiver.py:632: RuntimeWarning: Mean of empty slice.
  amean = a.mean()
/home/lyuan/.local/lib/python3.10/site-packages/numpy/core/_methods.py:129: RuntimeWarning: invalid value encountered in scalar divide
  ret = ret.dtype.type(ret / rcount)
/home/lyuan/.local/lib/python3.10/site-packages/matplotlib/quiver.py:632: RuntimeWarning: Mean of empty slice.
  amean = a.mean()
/home/lyuan/.local/lib/python3.10/site-packages/numpy/core/_methods.py:129: RuntimeWarning: invalid value encountered in scalar divide
  ret = ret.dtype.type(ret / rcount)
/home/lyuan/.local/lib/python3.10/site-packages/matplotlib/quiver.py:632: RuntimeWarning: Mean of empty slice.
  amean = a.mean()
/home/lyuan/.local/lib/python3.10/site-packages/numpy/core/_methods.py:129: RuntimeWarning: invalid value encountered in scalar divide
  ret = ret.dtype.type(ret / rcount)
/home/lyuan/.local/lib/python3.10/site-packages/matplotlib/quiver.py:632: RuntimeWarning: Mean of empty slice.
  amean = a.mean()
/home/lyuan/.local/lib/python3.10/site-packages/numpy/core/_methods.py:129: RuntimeWarning: invalid value encountered in scalar divide
  ret = ret.dtype.type(ret / rcount)
/home/lyuan/.local/lib/python3.10/site-packages/matplotlib/quiver.py:632: RuntimeWarning: Mean of empty slice.
  amean = a.mean()
/home/lyuan/.local/lib/python3.10/site-packages/numpy/core/_methods.py:129: RuntimeWarning: invalid value encountered in scalar divide
  ret = ret.dtype.type(ret / rcount)
/home/lyuan/.local/lib/python3.10/site-packages/matplotlib/quiver.py:632: RuntimeWarning: Mean of empty slice.
  amean = a.mean()
/home/lyuan/.local/lib/python3.10/site-packages/numpy/core/_methods.py:129: RuntimeWarning: invalid value encountered in scalar divide
  ret = ret.dtype.type(ret / rcount)
/home/lyuan/.local/lib/python3.10/site-packages/matplotlib/quiver.py:632: RuntimeWarning: Mean of empty slice.
  amean = a.mean()
/home/lyuan/.local/lib/python3.10/site-packages/numpy/core/_methods.py:129: RuntimeWarning: invalid value encountered in scalar divide
  ret = ret.dtype.type(ret / rcount)
/home/lyuan/.local/lib/python3.10/site-packages/matplotlib/quiver.py:632: RuntimeWarning: Mean of empty slice.
  amean = a.mean()
/home/lyuan/.local/lib/python3.10/site-packages/numpy/core/_methods.py:129: RuntimeWarning: invalid value encountered in scalar divide
  ret = ret.dtype.type(ret / rcount)
/home/lyuan/.local/lib/python3.10/site-packages/matplotlib/quiver.py:632: RuntimeWarning: Mean of empty slice.
  amean = a.mean()
/home/lyuan/.local/lib/python3.10/site-packages/numpy/core/_methods.py:129: RuntimeWarning: invalid value encountered in scalar divide
  ret = ret.dtype.type(ret / rcount)
/home/lyuan/.local/lib/python3.10/site-packages/matplotlib/quiver.py:632: RuntimeWarning: Mean of empty slice.
  amean = a.mean()
/home/lyuan/.local/lib/python3.10/site-packages/numpy/core/_methods.py:129: RuntimeWarning: invalid value encountered in scalar divide
  ret = ret.dtype.type(ret / rcount)
/home/lyuan/.local/lib/python3.10/site-packages/matplotlib/quiver.py:632: RuntimeWarning: Mean of empty slice.
  amean = a.mean()
/home/lyuan/.local/lib/python3.10/site-packages/numpy/core/_methods.py:129: RuntimeWarning: invalid value encountered in scalar divide
  ret = ret.dtype.type(ret / rcount)
/home/lyuan/.local/lib/python3.10/site-packages/matplotlib/quiver.py:632: RuntimeWarning: Mean of empty slice.
  amean = a.mean()
/home/lyuan/.local/lib/python3.10/site-packages/numpy/core/_methods.py:129: RuntimeWarning: invalid value encountered in scalar divide
  ret = ret.dtype.type(ret / rcount)
/home/lyuan/.local/lib/python3.10/site-packages/matplotlib/quiver.py:632: RuntimeWarning: Mean of empty slice.
  amean = a.mean()
/home/lyuan/.local/lib/python3.10/site-packages/numpy/core/_methods.py:129: RuntimeWarning: invalid value encountered in scalar divide
  ret = ret.dtype.type(ret / rcount)
/home/lyuan/.local/lib/python3.10/site-packages/matplotlib/quiver.py:632: RuntimeWarning: Mean of empty slice.
  amean = a.mean()
/home/lyuan/.local/lib/python3.10/site-packages/numpy/core/_methods.py:129: RuntimeWarning: invalid value encountered in scalar divide
  ret = ret.dtype.type(ret / rcount)
/home/lyuan/.local/lib/python3.10/site-packages/matplotlib/quiver.py:632: RuntimeWarning: Mean of empty slice.
  amean = a.mean()
/home/lyuan/.local/lib/python3.10/site-packages/numpy/core/_methods.py:129: RuntimeWarning: invalid value encountered in scalar divide
  ret = ret.dtype.type(ret / rcount)
/home/lyuan/.local/lib/python3.10/site-packages/matplotlib/quiver.py:632: RuntimeWarning: Mean of empty slice.
  amean = a.mean()
/home/lyuan/.local/lib/python3.10/site-packages/numpy/core/_methods.py:129: RuntimeWarning: invalid value encountered in scalar divide
  ret = ret.dtype.type(ret / rcount)
/home/lyuan/.local/lib/python3.10/site-packages/matplotlib/quiver.py:632: RuntimeWarning: Mean of empty slice.
  amean = a.mean()
/home/lyuan/.local/lib/python3.10/site-packages/numpy/core/_methods.py:129: RuntimeWarning: invalid value encountered in scalar divide
  ret = ret.dtype.type(ret / rcount)
/home/lyuan/.local/lib/python3.10/site-packages/matplotlib/quiver.py:632: RuntimeWarning: Mean of empty slice.
  amean = a.mean()
/home/lyuan/.local/lib/python3.10/site-packages/numpy/core/_methods.py:129: RuntimeWarning: invalid value encountered in scalar divide
  ret = ret.dtype.type(ret / rcount)
/home/lyuan/.local/lib/python3.10/site-packages/matplotlib/quiver.py:632: RuntimeWarning: Mean of empty slice.
  amean = a.mean()
/home/lyuan/.local/lib/python3.10/site-packages/numpy/core/_methods.py:129: RuntimeWarning: invalid value encountered in scalar divide
  ret = ret.dtype.type(ret / rcount)
/home/lyuan/.local/lib/python3.10/site-packages/matplotlib/quiver.py:632: RuntimeWarning: Mean of empty slice.
  amean = a.mean()
/home/lyuan/.local/lib/python3.10/site-packages/numpy/core/_methods.py:129: RuntimeWarning: invalid value encountered in scalar divide
  ret = ret.dtype.type(ret / rcount)
/home/lyuan/.local/lib/python3.10/site-packages/matplotlib/quiver.py:632: RuntimeWarning: Mean of empty slice.
  amean = a.mean()
/home/lyuan/.local/lib/python3.10/site-packages/numpy/core/_methods.py:129: RuntimeWarning: invalid value encountered in scalar divide
  ret = ret.dtype.type(ret / rcount)
/home/lyuan/.local/lib/python3.10/site-packages/matplotlib/quiver.py:632: RuntimeWarning: Mean of empty slice.
  amean = a.mean()
/home/lyuan/.local/lib/python3.10/site-packages/numpy/core/_methods.py:129: RuntimeWarning: invalid value encountered in scalar divide
  ret = ret.dtype.type(ret / rcount)
/home/lyuan/.local/lib/python3.10/site-packages/matplotlib/quiver.py:632: RuntimeWarning: Mean of empty slice.
  amean = a.mean()
/home/lyuan/.local/lib/python3.10/site-packages/numpy/core/_methods.py:129: RuntimeWarning: invalid value encountered in scalar divide
  ret = ret.dtype.type(ret / rcount)
/home/lyuan/.local/lib/python3.10/site-packages/matplotlib/quiver.py:632: RuntimeWarning: Mean of empty slice.
  amean = a.mean()
/home/lyuan/.local/lib/python3.10/site-packages/numpy/core/_methods.py:129: RuntimeWarning: invalid value encountered in scalar divide
  ret = ret.dtype.type(ret / rcount)
/home/lyuan/.local/lib/python3.10/site-packages/matplotlib/quiver.py:632: RuntimeWarning: Mean of empty slice.
  amean = a.mean()
/home/lyuan/.local/lib/python3.10/site-packages/numpy/core/_methods.py:129: RuntimeWarning: invalid value encountered in scalar divide
  ret = ret.dtype.type(ret / rcount)
/home/lyuan/.local/lib/python3.10/site-packages/matplotlib/quiver.py:632: RuntimeWarning: Mean of empty slice.
  amean = a.mean()
/home/lyuan/.local/lib/python3.10/site-packages/numpy/core/_methods.py:129: RuntimeWarning: invalid value encountered in scalar divide
  ret = ret.dtype.type(ret / rcount)
/home/lyuan/.local/lib/python3.10/site-packages/matplotlib/quiver.py:632: RuntimeWarning: Mean of empty slice.
  amean = a.mean()
/home/lyuan/.local/lib/python3.10/site-packages/numpy/core/_methods.py:129: RuntimeWarning: invalid value encountered in scalar divide
  ret = ret.dtype.type(ret / rcount)
/home/lyuan/.local/lib/python3.10/site-packages/matplotlib/quiver.py:632: RuntimeWarning: Mean of empty slice.
  amean = a.mean()
/home/lyuan/.local/lib/python3.10/site-packages/numpy/core/_methods.py:129: RuntimeWarning: invalid value encountered in scalar divide
  ret = ret.dtype.type(ret / rcount)
/home/lyuan/.local/lib/python3.10/site-packages/matplotlib/quiver.py:632: RuntimeWarning: Mean of empty slice.
  amean = a.mean()
/home/lyuan/.local/lib/python3.10/site-packages/numpy/core/_methods.py:129: RuntimeWarning: invalid value encountered in scalar divide
  ret = ret.dtype.type(ret / rcount)
/home/lyuan/.local/lib/python3.10/site-packages/matplotlib/quiver.py:632: RuntimeWarning: Mean of empty slice.
  amean = a.mean()
/home/lyuan/.local/lib/python3.10/site-packages/numpy/core/_methods.py:129: RuntimeWarning: invalid value encountered in scalar divide
  ret = ret.dtype.type(ret / rcount)
[[-0.0526401  -0.05129691]
 [-0.05176507 -0.05099018]]
1.2618155051089102
-1.286364961670569
[[-0.10922155 -0.1065457 ]
 [-0.10680237 -0.10483264]]
1.2161190137397297
-1.2225943283746268
[[-0.15971916 -0.15929474]
 [-0.1564732  -0.15678035]]
1.2099075910544244
-1.20176134157853
[[-0.2138844  -0.21345819]
 [-0.21089363 -0.21079104]]
1.200055048123304
-1.1905772472397267
[[-0.26289553 -0.26342905]
 [-0.25983988 -0.26044376]]
1.194024160636799
-1.1858162447474931
[[-0.30679484 -0.30754812]
 [-0.30400085 -0.30476614]]
1.1908022180385138
-1.1822628694304136
[[-0.34344354 -0.34420844]
 [-0.34096168 -0.34171372]]
1.1874300869839955
-1.1796496581747888
[[-0.37174283 -0.37247667]
 [-0.36963898 -0.37034253]]
1.1834963714186157
-1.1770484866124495
[[-0.392217   -0.39288226]
 [-0.39039146 -0.3910146 ]]
1.179599895906283
-1.1744125870663065
[[-0.40601683 -0.40660916]
 [-0.40441374 -0.40495881]]
1.175637335423656
-1.1715622942881807
[[-0.41477035 -0.41527332]
 [-0.41335908 -0.41381354]]
1.1718627824911558
-1.1687142769092969
[[-0.41999875 -0.42042304]
 [-0.41869794 -0.41907644]]
1.1687692431177419
-1.1661315093018372
[[-0.42312577 -0.42347114]
 [-0.42189051 -0.42219354]]
1.1658637594024785
-1.1638888107946908
[[-0.42476688 -0.42505751]
 [-0.42357831 -0.42383077]]
1.163321147280561
-1.1617967621992324
[[-0.42552089 -0.42574805]
 [-0.42436316 -0.42455716]]
1.1613865160859032
-1.1602034764143654
[[-0.42571588 -0.42590266]
 [-0.42457696 -0.42473447]]
1.1594763805818034
-1.1587259964300392
[[-0.42560868 -0.42575993]
 [-0.42448144 -0.42460673]]
1.158183840057824
-1.1574123823584295
[[-0.42532615 -0.42544673]
 [-0.42420685 -0.42430431]]
1.1569542383747842
-1.1564967482259436
[[-0.4250022  -0.42510329]
 [-0.42389841 -0.42397999]]
1.155910833943803
-1.155503269031849
[[-0.42454041 -0.42463183]
 [-0.42344045 -0.42351299]]
1.155321150168565
-1.1546454695487023
[[-0.42409737 -0.42417393]
 [-0.42298942 -0.42305142]]
1.154631417752207
-1.1539474914933585
[[-0.42381024 -0.42387913]
 [-0.42269206 -0.42274738]]
1.153890642742303
-1.1533570029500064
[[-0.42352827 -0.4235957 ]
 [-0.42240065 -0.42245574]]
1.1533024966295515
-1.1527648963456014
[[-0.423266   -0.42333216]
 [-0.42213575 -0.42219064]]
1.1529130468704722
-1.1523494345408476
[[-0.42282577 -0.42288755]
 [-0.4216981  -0.42174816]]
1.152767243534107
-1.1519429886637014
[[-0.4225583  -0.42261404]
 [-0.4214308  -0.42147677]]
1.1527709128361805
-1.151580502476698
[[-0.42234484 -0.4224047 ]
 [-0.42119441 -0.42124374]]
1.152576073430509
-1.1513802280354075
[[-0.42218401 -0.4222368 ]
 [-0.42104733 -0.42109177]]
1.1526857040682918
-1.1511649314412413
[[-0.42203617 -0.42208834]
 [-0.42088278 -0.42092743]]
1.1530075321569342
-1.150993261826815
[[-0.42171801 -0.42175661]
 [-0.42056661 -0.42059927]]
1.1532516777476962
-1.1506022029573724
[[-0.42151416 -0.42155511]
 [-0.42036334 -0.42039989]]
1.1535635700717548
-1.1504751868718062
[[-0.42123959 -0.42128311]
 [-0.42009631 -0.42013553]]
1.1539558140905593
-1.1503951782981223
[[-0.42104546 -0.42106525]
 [-0.41990594 -0.41992381]]
1.154485224428166
-1.150333730356908
[[-0.4208264  -0.42084526]
 [-0.41969888 -0.41971716]]
1.1550969154279846
-1.1504099753883248
[[-0.420552   -0.42056377]
 [-0.41942733 -0.41943954]]
1.155794294375227
-1.1504559457311188
[[-0.42020776 -0.42022395]
 [-0.41909815 -0.41911538]]
1.1563420444214927
-1.1506109879027338
[[-0.41991936 -0.41991871]
 [-0.41883212 -0.41883439]]
1.1571703688765744
-1.1508347645871093
[[-0.41976613 -0.41975343]
 [-0.41870135 -0.41869364]]
1.157896486713327
-1.150913310390993
[[-0.41920902 -0.41919188]
 [-0.41818083 -0.41816739]]
1.1587599576623426
-1.1511838142138213
[[-0.4188464  -0.41883159]
 [-0.4178833  -0.41787194]]
1.1592373110011842
-1.1513506230291943
[[-0.41834397 -0.41833126]
 [-0.41743574 -0.41742391]]
1.1598369927595646
-1.1516170247336839
[[-0.41764737 -0.41764847]
 [-0.4168104  -0.41680962]]
1.1600937442067702
-1.1519192288460165
[[-0.41703663 -0.41705835]
 [-0.41625532 -0.41627364]]
1.1604201602180926
-1.1522345911690919
[[-0.4164914  -0.41653863]
 [-0.41576783 -0.41580718]]
1.1608529678707196
-1.15254889749828
[[-0.41593489 -0.41601084]
 [-0.41527359 -0.41533814]]
1.1676342182645625
-1.1530964002834474
[[-0.41542105 -0.41552126]
 [-0.41478749 -0.41487238]]
1.192769094140139
-1.1532809909673996
[[-0.41493789 -0.41508306]
 [-0.41434586 -0.41447383]]
1.226532183609168
-1.153666094251548
[[-0.41440139 -0.4145845 ]
 [-0.4138272  -0.41398763]]
1.252361536189401
-1.153904962200098
[[-0.41396755 -0.41416942]
 [-0.41341765 -0.41359195]]
1.278277871980065
-1.1541875012092466
[[-0.41362378 -0.41385916]
 [-0.41307901 -0.41328086]]
1.292394182800008
-1.1545056807988572
[[-0.41347026 -0.41374212]
 [-0.41292237 -0.41315335]]
1.312456276983026
-1.1545689262357781
[[-0.41317261 -0.41346416]
 [-0.41261909 -0.41286392]]
1.341888811203452
-1.1547140204664916
[[-0.41298986 -0.41329756]
 [-0.41243536 -0.41268656]]
1.3668208549648255
-1.1548049832898157
[[-0.41303294 -0.41335155]
 [-0.4124869  -0.41274337]]
1.4085736278616348
-1.1550315562084008
[[-0.41288473 -0.41320953]
 [-0.41235256 -0.41260784]]
1.4599351208007547
-1.1554203657135345
[[-0.41272443 -0.41306479]
 [-0.41219185 -0.41245715]]
1.5106536884421486
-1.1556244941515945
[[-0.4127164  -0.41306774]
 [-0.41217386 -0.41244442]]
1.5450819691810467
-1.155611177113177
[[-0.41274676 -0.41312246]
 [-0.41216452 -0.41245455]]
1.557127296278621
-1.5650187113435758
[[-0.41287124 -0.41326097]
 [-0.41226918 -0.41256733]]
1.5652843749170564
-1.5651854527314282
[[-0.41288624 -0.41329782]
 [-0.41226058 -0.41257548]]
1.5527374326369414
-1.5684173563318777
[[-0.41292844 -0.41335831]
 [-0.4122808  -0.41261056]]
1.567554922980349
-1.5610526062192407
[[-0.41330594 -0.41373912]
 [-0.41262174 -0.41295297]]
1.5658975261253898
-1.5557631210816372
[[-0.41353527 -0.41397148]
 [-0.41279702 -0.41313247]]
1.5590793375811165
-1.5508230237425602
[[-0.41385109 -0.41428499]
 [-0.41307372 -0.41340744]]
1.5577167480863905
-1.5553535281072417
[[-0.4141563  -0.41456193]
 [-0.41334597 -0.41365428]]
1.5630915780552694
-1.5534091181178986
[[-0.41453833 -0.41495595]
 [-0.41369093 -0.41401502]]
1.561815158043629
-1.5618576166971343
[[-0.4146176  -0.41502455]
 [-0.4137612  -0.4140778 ]]
1.5690764406248638
-1.5614798410532849
[[-0.41476163 -0.41515781]
 [-0.41388975 -0.41420191]]
1.568837169540065
-1.569200414673389
[[-0.41508408 -0.41546217]
 [-0.41418343 -0.41448148]]
1.5649963598411487
-1.56486699888809
[[-0.41528732 -0.41565336]
 [-0.41436135 -0.41465327]]
1.5704605469359731
-1.5646588756646738
[[-0.41546118 -0.41581535]
 [-0.41451111 -0.41479733]]
1.5705282156544051
-1.562633360892577
[[-0.4155555  -0.41590394]
 [-0.41458132 -0.41486838]]
1.5667098764841847
-1.5218182031052598
[[-0.41564253 -0.41598074]
 [-0.41466359 -0.41494961]]
1.562807880800643
-1.5598641249728744
[[-0.41559834 -0.41593287]
 [-0.41461751 -0.41490382]]
1.5527452970436149
-1.568249444470757
[[-0.41580298 -0.41611434]
 [-0.41480406 -0.41507458]]
1.5444548630036807
-1.5608880221522372
[[-0.41571246 -0.41601319]
 [-0.41470763 -0.41496941]]
1.5681808605626257
-1.562169601156797
[[-0.41573697 -0.41602557]
 [-0.41472193 -0.41497126]]
1.5205105472761367
-1.5618902227661093
[[-0.41582705 -0.41610114]
 [-0.41479921 -0.41503797]]
1.5685243061900374
-1.5482957243835644
[[-0.41561396 -0.4158893 ]
 [-0.4145929  -0.41483231]]
1.556492061542944
-1.5235569170878196
[[-0.41572208 -0.41601076]
 [-0.41468862 -0.41494343]]
1.5682005757336275
-1.5545815027346397
[[-0.41590807 -0.41618263]
 [-0.41487452 -0.41511559]]
1.5671037086999384
-1.5476576282613919
[[-0.41598151 -0.4162438 ]
 [-0.41494529 -0.41517557]]
1.5630154450740112
-1.566541570269112
[[-0.4160143  -0.41629698]
 [-0.41495738 -0.41520826]]
1.5664025199533045
-1.5519802284431399
[[-0.41603373 -0.416326  ]
 [-0.41496536 -0.41522489]]
1.5695463544253663
-1.5682648272087907
[[-0.416066   -0.41635476]
 [-0.41499883 -0.41525463]]
1.5510911481351848
-1.5685731814430506
[[-0.41598307 -0.41626946]
 [-0.4149139  -0.41516549]]
1.5376746729090685
-1.563697827782367
[[-0.41600417 -0.4163039 ]
 [-0.41493463 -0.41520032]]
1.5639130499996818
-1.567173206115883
[[-0.41583027 -0.41611958]
 [-0.41477739 -0.41503509]]
1.5665396595621406
-1.5640052877333865
[[-0.41559282 -0.41588644]
 [-0.41455504 -0.41481815]]
1.5310744330107628
-1.555992472236909
[[-0.41537558 -0.41566373]
 [-0.41435529 -0.41461233]]
1.5416934418161679
-1.5480339152135885
[[-0.41509401 -0.41538384]
 [-0.41407698 -0.41433482]]
1.5595267011531042
-1.5525153994114562
[[-0.4151454  -0.41545661]
 [-0.41411274 -0.41439024]]
1.569981205317828
-1.5675658456604966
[[-0.41495739 -0.41527606]
 [-0.41392708 -0.41421164]]
1.5672479229603575
-1.5385105301956488
[[-0.41493664 -0.41524964]
 [-0.41391078 -0.41418646]]
1.543521733492231
-1.546573289903776
[[-0.41494859 -0.41527229]
 [-0.41392478 -0.41421312]]
1.5614571597573237
-1.5590765292009467
[[-0.41490204 -0.41521993]
 [-0.41388363 -0.4141666 ]]
1.5612684576634144
-1.5531643776317126
[[-0.41485987 -0.41517272]
 [-0.41387454 -0.41415362]]
1.5640079111298812
-1.5645359715698388
[[-0.41465945 -0.41498267]
 [-0.41368018 -0.41396952]]
1.5395043967981221
-1.5707926682527513
[[-0.41476312 -0.4150848 ]
 [-0.41380969 -0.41410027]]
1.5630305607535024
-1.5667049637294037
/home/lyuan/.local/lib/python3.10/site-packages/matplotlib/quiver.py:632: RuntimeWarning: Mean of empty slice.
  amean = a.mean()
/home/lyuan/.local/lib/python3.10/site-packages/numpy/core/_methods.py:129: RuntimeWarning: invalid value encountered in scalar divide
  ret = ret.dtype.type(ret / rcount)
Moviepy - Building video ../photo_video/test30/../test30.mp4.
Moviepy - Writing video ../photo_video/test30/../test30.mp4

t:   0%|          | 0/1 [00:00<?, ?it/s, now=None]                                                  Moviepy - Done !
Moviepy - video ready ../photo_video/test30/../test30.mp4
/home/lyuan/.local/lib/python3.10/site-packages/matplotlib/quiver.py:632: RuntimeWarning: Mean of empty slice.
  amean = a.mean()
/home/lyuan/.local/lib/python3.10/site-packages/numpy/core/_methods.py:129: RuntimeWarning: invalid value encountered in scalar divide
  ret = ret.dtype.type(ret / rcount)
/home/lyuan/.local/lib/python3.10/site-packages/matplotlib/quiver.py:632: RuntimeWarning: Mean of empty slice.
  amean = a.mean()
/home/lyuan/.local/lib/python3.10/site-packages/numpy/core/_methods.py:129: RuntimeWarning: invalid value encountered in scalar divide
  ret = ret.dtype.type(ret / rcount)
/home/lyuan/.local/lib/python3.10/site-packages/matplotlib/quiver.py:632: RuntimeWarning: Mean of empty slice.
  amean = a.mean()
/home/lyuan/.local/lib/python3.10/site-packages/numpy/core/_methods.py:129: RuntimeWarning: invalid value encountered in scalar divide
  ret = ret.dtype.type(ret / rcount)
/home/lyuan/.local/lib/python3.10/site-packages/matplotlib/quiver.py:632: RuntimeWarning: Mean of empty slice.
  amean = a.mean()
/home/lyuan/.local/lib/python3.10/site-packages/numpy/core/_methods.py:129: RuntimeWarning: invalid value encountered in scalar divide
  ret = ret.dtype.type(ret / rcount)
/home/lyuan/.local/lib/python3.10/site-packages/matplotlib/quiver.py:632: RuntimeWarning: Mean of empty slice.
  amean = a.mean()
/home/lyuan/.local/lib/python3.10/site-packages/numpy/core/_methods.py:129: RuntimeWarning: invalid value encountered in scalar divide
  ret = ret.dtype.type(ret / rcount)
/home/lyuan/.local/lib/python3.10/site-packages/matplotlib/quiver.py:632: RuntimeWarning: Mean of empty slice.
  amean = a.mean()
/home/lyuan/.local/lib/python3.10/site-packages/numpy/core/_methods.py:129: RuntimeWarning: invalid value encountered in scalar divide
  ret = ret.dtype.type(ret / rcount)
/home/lyuan/.local/lib/python3.10/site-packages/matplotlib/quiver.py:632: RuntimeWarning: Mean of empty slice.
  amean = a.mean()
/home/lyuan/.local/lib/python3.10/site-packages/numpy/core/_methods.py:129: RuntimeWarning: invalid value encountered in scalar divide
  ret = ret.dtype.type(ret / rcount)
/home/lyuan/.local/lib/python3.10/site-packages/matplotlib/quiver.py:632: RuntimeWarning: Mean of empty slice.
  amean = a.mean()
/home/lyuan/.local/lib/python3.10/site-packages/numpy/core/_methods.py:129: RuntimeWarning: invalid value encountered in scalar divide
  ret = ret.dtype.type(ret / rcount)
/home/lyuan/.local/lib/python3.10/site-packages/matplotlib/quiver.py:632: RuntimeWarning: Mean of empty slice.
  amean = a.mean()
/home/lyuan/.local/lib/python3.10/site-packages/numpy/core/_methods.py:129: RuntimeWarning: invalid value encountered in scalar divide
  ret = ret.dtype.type(ret / rcount)
/home/lyuan/.local/lib/python3.10/site-packages/matplotlib/quiver.py:632: RuntimeWarning: Mean of empty slice.
  amean = a.mean()
/home/lyuan/.local/lib/python3.10/site-packages/numpy/core/_methods.py:129: RuntimeWarning: invalid value encountered in scalar divide
  ret = ret.dtype.type(ret / rcount)
/home/lyuan/.local/lib/python3.10/site-packages/matplotlib/quiver.py:632: RuntimeWarning: Mean of empty slice.
  amean = a.mean()
/home/lyuan/.local/lib/python3.10/site-packages/numpy/core/_methods.py:129: RuntimeWarning: invalid value encountered in scalar divide
  ret = ret.dtype.type(ret / rcount)
/home/lyuan/.local/lib/python3.10/site-packages/matplotlib/quiver.py:632: RuntimeWarning: Mean of empty slice.
  amean = a.mean()
/home/lyuan/.local/lib/python3.10/site-packages/numpy/core/_methods.py:129: RuntimeWarning: invalid value encountered in scalar divide
  ret = ret.dtype.type(ret / rcount)
/home/lyuan/.local/lib/python3.10/site-packages/matplotlib/quiver.py:632: RuntimeWarning: Mean of empty slice.
  amean = a.mean()
/home/lyuan/.local/lib/python3.10/site-packages/numpy/core/_methods.py:129: RuntimeWarning: invalid value encountered in scalar divide
  ret = ret.dtype.type(ret / rcount)
/home/lyuan/.local/lib/python3.10/site-packages/matplotlib/quiver.py:632: RuntimeWarning: Mean of empty slice.
  amean = a.mean()
/home/lyuan/.local/lib/python3.10/site-packages/numpy/core/_methods.py:129: RuntimeWarning: invalid value encountered in scalar divide
  ret = ret.dtype.type(ret / rcount)
/home/lyuan/.local/lib/python3.10/site-packages/matplotlib/quiver.py:632: RuntimeWarning: Mean of empty slice.
  amean = a.mean()
/home/lyuan/.local/lib/python3.10/site-packages/numpy/core/_methods.py:129: RuntimeWarning: invalid value encountered in scalar divide
  ret = ret.dtype.type(ret / rcount)
/home/lyuan/.local/lib/python3.10/site-packages/matplotlib/quiver.py:632: RuntimeWarning: Mean of empty slice.
  amean = a.mean()
/home/lyuan/.local/lib/python3.10/site-packages/numpy/core/_methods.py:129: RuntimeWarning: invalid value encountered in scalar divide
  ret = ret.dtype.type(ret / rcount)
/home/lyuan/.local/lib/python3.10/site-packages/matplotlib/quiver.py:632: RuntimeWarning: Mean of empty slice.
  amean = a.mean()
/home/lyuan/.local/lib/python3.10/site-packages/numpy/core/_methods.py:129: RuntimeWarning: invalid value encountered in scalar divide
  ret = ret.dtype.type(ret / rcount)
/home/lyuan/.local/lib/python3.10/site-packages/matplotlib/quiver.py:632: RuntimeWarning: Mean of empty slice.
  amean = a.mean()
/home/lyuan/.local/lib/python3.10/site-packages/numpy/core/_methods.py:129: RuntimeWarning: invalid value encountered in scalar divide
  ret = ret.dtype.type(ret / rcount)
/home/lyuan/.local/lib/python3.10/site-packages/matplotlib/quiver.py:632: RuntimeWarning: Mean of empty slice.
  amean = a.mean()
/home/lyuan/.local/lib/python3.10/site-packages/numpy/core/_methods.py:129: RuntimeWarning: invalid value encountered in scalar divide
  ret = ret.dtype.type(ret / rcount)
/home/lyuan/.local/lib/python3.10/site-packages/matplotlib/quiver.py:632: RuntimeWarning: Mean of empty slice.
  amean = a.mean()
/home/lyuan/.local/lib/python3.10/site-packages/numpy/core/_methods.py:129: RuntimeWarning: invalid value encountered in scalar divide
  ret = ret.dtype.type(ret / rcount)
/home/lyuan/.local/lib/python3.10/site-packages/matplotlib/quiver.py:632: RuntimeWarning: Mean of empty slice.
  amean = a.mean()
/home/lyuan/.local/lib/python3.10/site-packages/numpy/core/_methods.py:129: RuntimeWarning: invalid value encountered in scalar divide
  ret = ret.dtype.type(ret / rcount)
/home/lyuan/.local/lib/python3.10/site-packages/matplotlib/quiver.py:632: RuntimeWarning: Mean of empty slice.
  amean = a.mean()
/home/lyuan/.local/lib/python3.10/site-packages/numpy/core/_methods.py:129: RuntimeWarning: invalid value encountered in scalar divide
  ret = ret.dtype.type(ret / rcount)
/home/lyuan/.local/lib/python3.10/site-packages/matplotlib/quiver.py:632: RuntimeWarning: Mean of empty slice.
  amean = a.mean()
/home/lyuan/.local/lib/python3.10/site-packages/numpy/core/_methods.py:129: RuntimeWarning: invalid value encountered in scalar divide
  ret = ret.dtype.type(ret / rcount)
/home/lyuan/.local/lib/python3.10/site-packages/matplotlib/quiver.py:632: RuntimeWarning: Mean of empty slice.
  amean = a.mean()
/home/lyuan/.local/lib/python3.10/site-packages/numpy/core/_methods.py:129: RuntimeWarning: invalid value encountered in scalar divide
  ret = ret.dtype.type(ret / rcount)
/home/lyuan/.local/lib/python3.10/site-packages/matplotlib/quiver.py:632: RuntimeWarning: Mean of empty slice.
  amean = a.mean()
/home/lyuan/.local/lib/python3.10/site-packages/numpy/core/_methods.py:129: RuntimeWarning: invalid value encountered in scalar divide
  ret = ret.dtype.type(ret / rcount)
/home/lyuan/.local/lib/python3.10/site-packages/matplotlib/quiver.py:632: RuntimeWarning: Mean of empty slice.
  amean = a.mean()
/home/lyuan/.local/lib/python3.10/site-packages/numpy/core/_methods.py:129: RuntimeWarning: invalid value encountered in scalar divide
  ret = ret.dtype.type(ret / rcount)
/home/lyuan/.local/lib/python3.10/site-packages/matplotlib/quiver.py:632: RuntimeWarning: Mean of empty slice.
  amean = a.mean()
/home/lyuan/.local/lib/python3.10/site-packages/numpy/core/_methods.py:129: RuntimeWarning: invalid value encountered in scalar divide
  ret = ret.dtype.type(ret / rcount)
/home/lyuan/.local/lib/python3.10/site-packages/matplotlib/quiver.py:632: RuntimeWarning: Mean of empty slice.
  amean = a.mean()
/home/lyuan/.local/lib/python3.10/site-packages/numpy/core/_methods.py:129: RuntimeWarning: invalid value encountered in scalar divide
  ret = ret.dtype.type(ret / rcount)
/home/lyuan/.local/lib/python3.10/site-packages/matplotlib/quiver.py:632: RuntimeWarning: Mean of empty slice.
  amean = a.mean()
/home/lyuan/.local/lib/python3.10/site-packages/numpy/core/_methods.py:129: RuntimeWarning: invalid value encountered in scalar divide
  ret = ret.dtype.type(ret / rcount)
/home/lyuan/.local/lib/python3.10/site-packages/matplotlib/quiver.py:632: RuntimeWarning: Mean of empty slice.
  amean = a.mean()
/home/lyuan/.local/lib/python3.10/site-packages/numpy/core/_methods.py:129: RuntimeWarning: invalid value encountered in scalar divide
  ret = ret.dtype.type(ret / rcount)
/home/lyuan/.local/lib/python3.10/site-packages/matplotlib/quiver.py:632: RuntimeWarning: Mean of empty slice.
  amean = a.mean()
/home/lyuan/.local/lib/python3.10/site-packages/numpy/core/_methods.py:129: RuntimeWarning: invalid value encountered in scalar divide
  ret = ret.dtype.type(ret / rcount)
/home/lyuan/.local/lib/python3.10/site-packages/matplotlib/quiver.py:632: RuntimeWarning: Mean of empty slice.
  amean = a.mean()
/home/lyuan/.local/lib/python3.10/site-packages/numpy/core/_methods.py:129: RuntimeWarning: invalid value encountered in scalar divide
  ret = ret.dtype.type(ret / rcount)
/home/lyuan/.local/lib/python3.10/site-packages/matplotlib/quiver.py:632: RuntimeWarning: Mean of empty slice.
  amean = a.mean()
/home/lyuan/.local/lib/python3.10/site-packages/numpy/core/_methods.py:129: RuntimeWarning: invalid value encountered in scalar divide
  ret = ret.dtype.type(ret / rcount)
/home/lyuan/.local/lib/python3.10/site-packages/matplotlib/quiver.py:632: RuntimeWarning: Mean of empty slice.
  amean = a.mean()
/home/lyuan/.local/lib/python3.10/site-packages/numpy/core/_methods.py:129: RuntimeWarning: invalid value encountered in scalar divide
  ret = ret.dtype.type(ret / rcount)
/home/lyuan/.local/lib/python3.10/site-packages/matplotlib/quiver.py:632: RuntimeWarning: Mean of empty slice.
  amean = a.mean()
/home/lyuan/.local/lib/python3.10/site-packages/numpy/core/_methods.py:129: RuntimeWarning: invalid value encountered in scalar divide
  ret = ret.dtype.type(ret / rcount)
/home/lyuan/.local/lib/python3.10/site-packages/matplotlib/quiver.py:632: RuntimeWarning: Mean of empty slice.
  amean = a.mean()
/home/lyuan/.local/lib/python3.10/site-packages/numpy/core/_methods.py:129: RuntimeWarning: invalid value encountered in scalar divide
  ret = ret.dtype.type(ret / rcount)
/home/lyuan/.local/lib/python3.10/site-packages/matplotlib/quiver.py:632: RuntimeWarning: Mean of empty slice.
  amean = a.mean()
/home/lyuan/.local/lib/python3.10/site-packages/numpy/core/_methods.py:129: RuntimeWarning: invalid value encountered in scalar divide
  ret = ret.dtype.type(ret / rcount)
/home/lyuan/.local/lib/python3.10/site-packages/matplotlib/quiver.py:632: RuntimeWarning: Mean of empty slice.
  amean = a.mean()
/home/lyuan/.local/lib/python3.10/site-packages/numpy/core/_methods.py:129: RuntimeWarning: invalid value encountered in scalar divide
  ret = ret.dtype.type(ret / rcount)
/home/lyuan/.local/lib/python3.10/site-packages/matplotlib/quiver.py:632: RuntimeWarning: Mean of empty slice.
  amean = a.mean()
/home/lyuan/.local/lib/python3.10/site-packages/numpy/core/_methods.py:129: RuntimeWarning: invalid value encountered in scalar divide
  ret = ret.dtype.type(ret / rcount)
/home/lyuan/.local/lib/python3.10/site-packages/matplotlib/quiver.py:632: RuntimeWarning: Mean of empty slice.
  amean = a.mean()
/home/lyuan/.local/lib/python3.10/site-packages/numpy/core/_methods.py:129: RuntimeWarning: invalid value encountered in scalar divide
  ret = ret.dtype.type(ret / rcount)
/home/lyuan/.local/lib/python3.10/site-packages/matplotlib/quiver.py:632: RuntimeWarning: Mean of empty slice.
  amean = a.mean()
/home/lyuan/.local/lib/python3.10/site-packages/numpy/core/_methods.py:129: RuntimeWarning: invalid value encountered in scalar divide
  ret = ret.dtype.type(ret / rcount)
/home/lyuan/.local/lib/python3.10/site-packages/matplotlib/quiver.py:632: RuntimeWarning: Mean of empty slice.
  amean = a.mean()
/home/lyuan/.local/lib/python3.10/site-packages/numpy/core/_methods.py:129: RuntimeWarning: invalid value encountered in scalar divide
  ret = ret.dtype.type(ret / rcount)
/home/lyuan/.local/lib/python3.10/site-packages/matplotlib/quiver.py:632: RuntimeWarning: Mean of empty slice.
  amean = a.mean()
/home/lyuan/.local/lib/python3.10/site-packages/numpy/core/_methods.py:129: RuntimeWarning: invalid value encountered in scalar divide
  ret = ret.dtype.type(ret / rcount)
/home/lyuan/.local/lib/python3.10/site-packages/matplotlib/quiver.py:632: RuntimeWarning: Mean of empty slice.
  amean = a.mean()
/home/lyuan/.local/lib/python3.10/site-packages/numpy/core/_methods.py:129: RuntimeWarning: invalid value encountered in scalar divide
  ret = ret.dtype.type(ret / rcount)
/home/lyuan/.local/lib/python3.10/site-packages/matplotlib/quiver.py:632: RuntimeWarning: Mean of empty slice.
  amean = a.mean()
/home/lyuan/.local/lib/python3.10/site-packages/numpy/core/_methods.py:129: RuntimeWarning: invalid value encountered in scalar divide
  ret = ret.dtype.type(ret / rcount)
/home/lyuan/.local/lib/python3.10/site-packages/matplotlib/quiver.py:632: RuntimeWarning: Mean of empty slice.
  amean = a.mean()
/home/lyuan/.local/lib/python3.10/site-packages/numpy/core/_methods.py:129: RuntimeWarning: invalid value encountered in scalar divide
  ret = ret.dtype.type(ret / rcount)
/home/lyuan/.local/lib/python3.10/site-packages/matplotlib/quiver.py:632: RuntimeWarning: Mean of empty slice.
  amean = a.mean()
/home/lyuan/.local/lib/python3.10/site-packages/numpy/core/_methods.py:129: RuntimeWarning: invalid value encountered in scalar divide
  ret = ret.dtype.type(ret / rcount)
/home/lyuan/.local/lib/python3.10/site-packages/matplotlib/quiver.py:632: RuntimeWarning: Mean of empty slice.
  amean = a.mean()
/home/lyuan/.local/lib/python3.10/site-packages/numpy/core/_methods.py:129: RuntimeWarning: invalid value encountered in scalar divide
  ret = ret.dtype.type(ret / rcount)
/home/lyuan/.local/lib/python3.10/site-packages/matplotlib/quiver.py:632: RuntimeWarning: Mean of empty slice.
  amean = a.mean()
/home/lyuan/.local/lib/python3.10/site-packages/numpy/core/_methods.py:129: RuntimeWarning: invalid value encountered in scalar divide
  ret = ret.dtype.type(ret / rcount)
/home/lyuan/.local/lib/python3.10/site-packages/matplotlib/quiver.py:632: RuntimeWarning: Mean of empty slice.
  amean = a.mean()
/home/lyuan/.local/lib/python3.10/site-packages/numpy/core/_methods.py:129: RuntimeWarning: invalid value encountered in scalar divide
  ret = ret.dtype.type(ret / rcount)
/home/lyuan/.local/lib/python3.10/site-packages/matplotlib/quiver.py:632: RuntimeWarning: Mean of empty slice.
  amean = a.mean()
/home/lyuan/.local/lib/python3.10/site-packages/numpy/core/_methods.py:129: RuntimeWarning: invalid value encountered in scalar divide
  ret = ret.dtype.type(ret / rcount)
/home/lyuan/.local/lib/python3.10/site-packages/matplotlib/quiver.py:632: RuntimeWarning: Mean of empty slice.
  amean = a.mean()
/home/lyuan/.local/lib/python3.10/site-packages/numpy/core/_methods.py:129: RuntimeWarning: invalid value encountered in scalar divide
  ret = ret.dtype.type(ret / rcount)
/home/lyuan/.local/lib/python3.10/site-packages/matplotlib/quiver.py:632: RuntimeWarning: Mean of empty slice.
  amean = a.mean()
/home/lyuan/.local/lib/python3.10/site-packages/numpy/core/_methods.py:129: RuntimeWarning: invalid value encountered in scalar divide
  ret = ret.dtype.type(ret / rcount)
/home/lyuan/.local/lib/python3.10/site-packages/matplotlib/quiver.py:632: RuntimeWarning: Mean of empty slice.
  amean = a.mean()
/home/lyuan/.local/lib/python3.10/site-packages/numpy/core/_methods.py:129: RuntimeWarning: invalid value encountered in scalar divide
  ret = ret.dtype.type(ret / rcount)
/home/lyuan/.local/lib/python3.10/site-packages/matplotlib/quiver.py:632: RuntimeWarning: Mean of empty slice.
  amean = a.mean()
/home/lyuan/.local/lib/python3.10/site-packages/numpy/core/_methods.py:129: RuntimeWarning: invalid value encountered in scalar divide
  ret = ret.dtype.type(ret / rcount)
/home/lyuan/.local/lib/python3.10/site-packages/matplotlib/quiver.py:632: RuntimeWarning: Mean of empty slice.
  amean = a.mean()
/home/lyuan/.local/lib/python3.10/site-packages/numpy/core/_methods.py:129: RuntimeWarning: invalid value encountered in scalar divide
  ret = ret.dtype.type(ret / rcount)
/home/lyuan/.local/lib/python3.10/site-packages/matplotlib/quiver.py:632: RuntimeWarning: Mean of empty slice.
  amean = a.mean()
/home/lyuan/.local/lib/python3.10/site-packages/numpy/core/_methods.py:129: RuntimeWarning: invalid value encountered in scalar divide
  ret = ret.dtype.type(ret / rcount)
/home/lyuan/.local/lib/python3.10/site-packages/matplotlib/quiver.py:632: RuntimeWarning: Mean of empty slice.
  amean = a.mean()
/home/lyuan/.local/lib/python3.10/site-packages/numpy/core/_methods.py:129: RuntimeWarning: invalid value encountered in scalar divide
  ret = ret.dtype.type(ret / rcount)
/home/lyuan/.local/lib/python3.10/site-packages/matplotlib/quiver.py:632: RuntimeWarning: Mean of empty slice.
  amean = a.mean()
/home/lyuan/.local/lib/python3.10/site-packages/numpy/core/_methods.py:129: RuntimeWarning: invalid value encountered in scalar divide
  ret = ret.dtype.type(ret / rcount)
/home/lyuan/.local/lib/python3.10/site-packages/matplotlib/quiver.py:632: RuntimeWarning: Mean of empty slice.
  amean = a.mean()
/home/lyuan/.local/lib/python3.10/site-packages/numpy/core/_methods.py:129: RuntimeWarning: invalid value encountered in scalar divide
  ret = ret.dtype.type(ret / rcount)
/home/lyuan/.local/lib/python3.10/site-packages/matplotlib/quiver.py:632: RuntimeWarning: Mean of empty slice.
  amean = a.mean()
/home/lyuan/.local/lib/python3.10/site-packages/numpy/core/_methods.py:129: RuntimeWarning: invalid value encountered in scalar divide
  ret = ret.dtype.type(ret / rcount)
/home/lyuan/.local/lib/python3.10/site-packages/matplotlib/quiver.py:632: RuntimeWarning: Mean of empty slice.
  amean = a.mean()
/home/lyuan/.local/lib/python3.10/site-packages/numpy/core/_methods.py:129: RuntimeWarning: invalid value encountered in scalar divide
  ret = ret.dtype.type(ret / rcount)
/home/lyuan/.local/lib/python3.10/site-packages/matplotlib/quiver.py:632: RuntimeWarning: Mean of empty slice.
  amean = a.mean()
/home/lyuan/.local/lib/python3.10/site-packages/numpy/core/_methods.py:129: RuntimeWarning: invalid value encountered in scalar divide
  ret = ret.dtype.type(ret / rcount)
/home/lyuan/.local/lib/python3.10/site-packages/matplotlib/quiver.py:632: RuntimeWarning: Mean of empty slice.
  amean = a.mean()
/home/lyuan/.local/lib/python3.10/site-packages/numpy/core/_methods.py:129: RuntimeWarning: invalid value encountered in scalar divide
  ret = ret.dtype.type(ret / rcount)
/home/lyuan/.local/lib/python3.10/site-packages/matplotlib/quiver.py:632: RuntimeWarning: Mean of empty slice.
  amean = a.mean()
/home/lyuan/.local/lib/python3.10/site-packages/numpy/core/_methods.py:129: RuntimeWarning: invalid value encountered in scalar divide
  ret = ret.dtype.type(ret / rcount)
/home/lyuan/.local/lib/python3.10/site-packages/matplotlib/quiver.py:632: RuntimeWarning: Mean of empty slice.
  amean = a.mean()
/home/lyuan/.local/lib/python3.10/site-packages/numpy/core/_methods.py:129: RuntimeWarning: invalid value encountered in scalar divide
  ret = ret.dtype.type(ret / rcount)
/home/lyuan/.local/lib/python3.10/site-packages/matplotlib/quiver.py:632: RuntimeWarning: Mean of empty slice.
  amean = a.mean()
/home/lyuan/.local/lib/python3.10/site-packages/numpy/core/_methods.py:129: RuntimeWarning: invalid value encountered in scalar divide
  ret = ret.dtype.type(ret / rcount)
/home/lyuan/.local/lib/python3.10/site-packages/matplotlib/quiver.py:632: RuntimeWarning: Mean of empty slice.
  amean = a.mean()
/home/lyuan/.local/lib/python3.10/site-packages/numpy/core/_methods.py:129: RuntimeWarning: invalid value encountered in scalar divide
  ret = ret.dtype.type(ret / rcount)
/home/lyuan/.local/lib/python3.10/site-packages/matplotlib/quiver.py:632: RuntimeWarning: Mean of empty slice.
  amean = a.mean()
/home/lyuan/.local/lib/python3.10/site-packages/numpy/core/_methods.py:129: RuntimeWarning: invalid value encountered in scalar divide
  ret = ret.dtype.type(ret / rcount)
/home/lyuan/.local/lib/python3.10/site-packages/matplotlib/quiver.py:632: RuntimeWarning: Mean of empty slice.
  amean = a.mean()
/home/lyuan/.local/lib/python3.10/site-packages/numpy/core/_methods.py:129: RuntimeWarning: invalid value encountered in scalar divide
  ret = ret.dtype.type(ret / rcount)
/home/lyuan/.local/lib/python3.10/site-packages/matplotlib/quiver.py:632: RuntimeWarning: Mean of empty slice.
  amean = a.mean()
/home/lyuan/.local/lib/python3.10/site-packages/numpy/core/_methods.py:129: RuntimeWarning: invalid value encountered in scalar divide
  ret = ret.dtype.type(ret / rcount)
/home/lyuan/.local/lib/python3.10/site-packages/matplotlib/quiver.py:632: RuntimeWarning: Mean of empty slice.
  amean = a.mean()
/home/lyuan/.local/lib/python3.10/site-packages/numpy/core/_methods.py:129: RuntimeWarning: invalid value encountered in scalar divide
  ret = ret.dtype.type(ret / rcount)
/home/lyuan/.local/lib/python3.10/site-packages/matplotlib/quiver.py:632: RuntimeWarning: Mean of empty slice.
  amean = a.mean()
/home/lyuan/.local/lib/python3.10/site-packages/numpy/core/_methods.py:129: RuntimeWarning: invalid value encountered in scalar divide
  ret = ret.dtype.type(ret / rcount)
/home/lyuan/.local/lib/python3.10/site-packages/matplotlib/quiver.py:632: RuntimeWarning: Mean of empty slice.
  amean = a.mean()
/home/lyuan/.local/lib/python3.10/site-packages/numpy/core/_methods.py:129: RuntimeWarning: invalid value encountered in scalar divide
  ret = ret.dtype.type(ret / rcount)
/home/lyuan/.local/lib/python3.10/site-packages/matplotlib/quiver.py:632: RuntimeWarning: Mean of empty slice.
  amean = a.mean()
/home/lyuan/.local/lib/python3.10/site-packages/numpy/core/_methods.py:129: RuntimeWarning: invalid value encountered in scalar divide
  ret = ret.dtype.type(ret / rcount)
/home/lyuan/.local/lib/python3.10/site-packages/matplotlib/quiver.py:632: RuntimeWarning: Mean of empty slice.
  amean = a.mean()
/home/lyuan/.local/lib/python3.10/site-packages/numpy/core/_methods.py:129: RuntimeWarning: invalid value encountered in scalar divide
  ret = ret.dtype.type(ret / rcount)
/home/lyuan/.local/lib/python3.10/site-packages/matplotlib/quiver.py:632: RuntimeWarning: Mean of empty slice.
  amean = a.mean()
/home/lyuan/.local/lib/python3.10/site-packages/numpy/core/_methods.py:129: RuntimeWarning: invalid value encountered in scalar divide
  ret = ret.dtype.type(ret / rcount)
/home/lyuan/.local/lib/python3.10/site-packages/matplotlib/quiver.py:632: RuntimeWarning: Mean of empty slice.
  amean = a.mean()
/home/lyuan/.local/lib/python3.10/site-packages/numpy/core/_methods.py:129: RuntimeWarning: invalid value encountered in scalar divide
  ret = ret.dtype.type(ret / rcount)
/home/lyuan/.local/lib/python3.10/site-packages/matplotlib/quiver.py:632: RuntimeWarning: Mean of empty slice.
  amean = a.mean()
/home/lyuan/.local/lib/python3.10/site-packages/numpy/core/_methods.py:129: RuntimeWarning: invalid value encountered in scalar divide
  ret = ret.dtype.type(ret / rcount)
/home/lyuan/.local/lib/python3.10/site-packages/matplotlib/quiver.py:632: RuntimeWarning: Mean of empty slice.
  amean = a.mean()
/home/lyuan/.local/lib/python3.10/site-packages/numpy/core/_methods.py:129: RuntimeWarning: invalid value encountered in scalar divide
  ret = ret.dtype.type(ret / rcount)
/home/lyuan/.local/lib/python3.10/site-packages/matplotlib/quiver.py:632: RuntimeWarning: Mean of empty slice.
  amean = a.mean()
/home/lyuan/.local/lib/python3.10/site-packages/numpy/core/_methods.py:129: RuntimeWarning: invalid value encountered in scalar divide
  ret = ret.dtype.type(ret / rcount)
/home/lyuan/.local/lib/python3.10/site-packages/matplotlib/quiver.py:632: RuntimeWarning: Mean of empty slice.
  amean = a.mean()
/home/lyuan/.local/lib/python3.10/site-packages/numpy/core/_methods.py:129: RuntimeWarning: invalid value encountered in scalar divide
  ret = ret.dtype.type(ret / rcount)
/home/lyuan/.local/lib/python3.10/site-packages/matplotlib/quiver.py:632: RuntimeWarning: Mean of empty slice.
  amean = a.mean()
/home/lyuan/.local/lib/python3.10/site-packages/numpy/core/_methods.py:129: RuntimeWarning: invalid value encountered in scalar divide
  ret = ret.dtype.type(ret / rcount)
/home/lyuan/.local/lib/python3.10/site-packages/matplotlib/quiver.py:632: RuntimeWarning: Mean of empty slice.
  amean = a.mean()
/home/lyuan/.local/lib/python3.10/site-packages/numpy/core/_methods.py:129: RuntimeWarning: invalid value encountered in scalar divide
  ret = ret.dtype.type(ret / rcount)
/home/lyuan/.local/lib/python3.10/site-packages/matplotlib/quiver.py:632: RuntimeWarning: Mean of empty slice.
  amean = a.mean()
/home/lyuan/.local/lib/python3.10/site-packages/numpy/core/_methods.py:129: RuntimeWarning: invalid value encountered in scalar divide
  ret = ret.dtype.type(ret / rcount)
/home/lyuan/.local/lib/python3.10/site-packages/matplotlib/quiver.py:632: RuntimeWarning: Mean of empty slice.
  amean = a.mean()
/home/lyuan/.local/lib/python3.10/site-packages/numpy/core/_methods.py:129: RuntimeWarning: invalid value encountered in scalar divide
  ret = ret.dtype.type(ret / rcount)
/home/lyuan/.local/lib/python3.10/site-packages/matplotlib/quiver.py:632: RuntimeWarning: Mean of empty slice.
  amean = a.mean()
/home/lyuan/.local/lib/python3.10/site-packages/numpy/core/_methods.py:129: RuntimeWarning: invalid value encountered in scalar divide
  ret = ret.dtype.type(ret / rcount)
/home/lyuan/.local/lib/python3.10/site-packages/matplotlib/quiver.py:632: RuntimeWarning: Mean of empty slice.
  amean = a.mean()
/home/lyuan/.local/lib/python3.10/site-packages/numpy/core/_methods.py:129: RuntimeWarning: invalid value encountered in scalar divide
  ret = ret.dtype.type(ret / rcount)
/home/lyuan/.local/lib/python3.10/site-packages/matplotlib/quiver.py:632: RuntimeWarning: Mean of empty slice.
  amean = a.mean()
/home/lyuan/.local/lib/python3.10/site-packages/numpy/core/_methods.py:129: RuntimeWarning: invalid value encountered in scalar divide
  ret = ret.dtype.type(ret / rcount)
/home/lyuan/.local/lib/python3.10/site-packages/matplotlib/quiver.py:632: RuntimeWarning: Mean of empty slice.
  amean = a.mean()
/home/lyuan/.local/lib/python3.10/site-packages/numpy/core/_methods.py:129: RuntimeWarning: invalid value encountered in scalar divide
  ret = ret.dtype.type(ret / rcount)
/home/lyuan/.local/lib/python3.10/site-packages/matplotlib/quiver.py:632: RuntimeWarning: Mean of empty slice.
  amean = a.mean()
/home/lyuan/.local/lib/python3.10/site-packages/numpy/core/_methods.py:129: RuntimeWarning: invalid value encountered in scalar divide
  ret = ret.dtype.type(ret / rcount)
/home/lyuan/.local/lib/python3.10/site-packages/matplotlib/quiver.py:632: RuntimeWarning: Mean of empty slice.
  amean = a.mean()
/home/lyuan/.local/lib/python3.10/site-packages/numpy/core/_methods.py:129: RuntimeWarning: invalid value encountered in scalar divide
  ret = ret.dtype.type(ret / rcount)
/home/lyuan/.local/lib/python3.10/site-packages/matplotlib/quiver.py:632: RuntimeWarning: Mean of empty slice.
  amean = a.mean()
/home/lyuan/.local/lib/python3.10/site-packages/numpy/core/_methods.py:129: RuntimeWarning: invalid value encountered in scalar divide
  ret = ret.dtype.type(ret / rcount)
/home/lyuan/.local/lib/python3.10/site-packages/matplotlib/quiver.py:632: RuntimeWarning: Mean of empty slice.
  amean = a.mean()
/home/lyuan/.local/lib/python3.10/site-packages/numpy/core/_methods.py:129: RuntimeWarning: invalid value encountered in scalar divide
  ret = ret.dtype.type(ret / rcount)
/home/lyuan/.local/lib/python3.10/site-packages/matplotlib/quiver.py:632: RuntimeWarning: Mean of empty slice.
  amean = a.mean()
/home/lyuan/.local/lib/python3.10/site-packages/numpy/core/_methods.py:129: RuntimeWarning: invalid value encountered in scalar divide
  ret = ret.dtype.type(ret / rcount)
/home/lyuan/.local/lib/python3.10/site-packages/matplotlib/quiver.py:632: RuntimeWarning: Mean of empty slice.
  amean = a.mean()
/home/lyuan/.local/lib/python3.10/site-packages/numpy/core/_methods.py:129: RuntimeWarning: invalid value encountered in scalar divide
  ret = ret.dtype.type(ret / rcount)
/home/lyuan/.local/lib/python3.10/site-packages/matplotlib/quiver.py:632: RuntimeWarning: Mean of empty slice.
  amean = a.mean()
/home/lyuan/.local/lib/python3.10/site-packages/numpy/core/_methods.py:129: RuntimeWarning: invalid value encountered in scalar divide
  ret = ret.dtype.type(ret / rcount)
/home/lyuan/.local/lib/python3.10/site-packages/matplotlib/quiver.py:632: RuntimeWarning: Mean of empty slice.
  amean = a.mean()
/home/lyuan/.local/lib/python3.10/site-packages/numpy/core/_methods.py:129: RuntimeWarning: invalid value encountered in scalar divide
  ret = ret.dtype.type(ret / rcount)
[[-0.03292161 -0.03141404]
 [-0.02980261 -0.02706599]]
1.409530441326643
-1.3515029199498056
[[-0.05858818 -0.05841024]
 [-0.05770147 -0.0561457 ]]
1.3175417770790903
-1.2912452957008842
[[-0.10040358 -0.10003433]
 [-0.10128752 -0.10007454]]
1.2623210332472357
-1.2862634760515013
[[-0.12620845 -0.12659982]
 [-0.12696412 -0.12645234]]
1.2374273310575168
-1.2419703410016902
[[-0.16314065 -0.16503343]
 [-0.16090455 -0.16342017]]
1.223186229261026
-1.2268846247509395
[[-0.19258033 -0.19294482]
 [-0.19187517 -0.19264179]]
1.216293294316829
-1.207456788635545
[[-0.22447636 -0.22511977]
 [-0.22407501 -0.22503937]]
1.2066714192600245
-1.2017191549742108
[[-0.25152125 -0.25181426]
 [-0.25131694 -0.25161529]]
1.2005442996476836
-1.1924058808495326
[[-0.27686027 -0.2773235 ]
 [-0.27660512 -0.27700409]]
1.1960087638664074
-1.1862330931787142
[[-0.29921913 -0.29967989]
 [-0.2989226  -0.29930483]]
1.1922629162306349
-1.1841863251855003
[[-0.31848964 -0.31888874]
 [-0.31817273 -0.31848414]]
1.189025591476677
-1.1820374201431791
[[-0.33351623 -0.33381894]
 [-0.33314452 -0.33335882]]
1.1860463840459683
-1.1800671124240885
[[-0.34467787 -0.34502541]
 [-0.3443814  -0.34461489]]
1.1833709391472642
-1.1780928561105515
[[-0.35424643 -0.35446651]
 [-0.35388332 -0.35400798]]
1.1809752657298582
-1.176160585049717
[[-0.36137461 -0.36150687]
 [-0.36102974 -0.36105447]]
1.1790738031462995
-1.1745102675308008
[[-0.36635977 -0.36645406]
 [-0.36594608 -0.36596848]]
1.1769992338328008
-1.1725778956680744
[[-0.37012332 -0.37020195]
 [-0.36966159 -0.36968422]]
1.1751784895288984
-1.1711272906563668
[[-0.37285633 -0.37294949]
 [-0.3723317  -0.37237865]]
1.173285722887434
-1.1695466118430653
[[-0.37481677 -0.37491502]
 [-0.37423461 -0.37429412]]
1.1718707843641543
-1.1682364560735863
[[-0.37598062 -0.37608102]
 [-0.37534818 -0.3754098 ]]
1.1703464007350943
-1.1671529342063973
[[-0.37668075 -0.37677653]
 [-0.37599063 -0.37605358]]
1.1692395972671208
-1.16622456067003
[[-0.37701017 -0.37708646]
 [-0.376311   -0.3763576 ]]
1.168214798994806
-1.1651143918627698
[[-0.37745399 -0.37754689]
 [-0.37670712 -0.37677128]]
1.1676577820296765
-1.163990867547818
[[-0.37733173 -0.37742502]
 [-0.37658048 -0.37664998]]
1.166716162339723
-1.1634698770508105
[[-0.3770692  -0.37717574]
 [-0.37627539 -0.37635377]]
1.1663124002314273
-1.1632254209359703
[[-0.37676027 -0.37685111]
 [-0.3759223  -0.37598593]]
1.1659329300343573
-1.1623359515220257
[[-0.37658098 -0.3767004 ]
 [-0.37568324 -0.37577334]]
1.1666719746305778
-1.1623498859340045
[[-0.37623275 -0.3763665 ]
 [-0.37526444 -0.37536392]]
1.167162815545665
-1.161898866065937
[[-0.37640166 -0.37655376]
 [-0.37535064 -0.37546279]]
1.1679873776396132
-1.161821117086064
[[-0.3767211  -0.3768554 ]
 [-0.37553747 -0.37562206]]
1.1682436179487743
-1.161051267897063
[[-0.37734284 -0.3774026 ]
 [-0.37609167 -0.37610225]]
1.1687432771553652
-1.1601672677086432
[[-0.37808696 -0.37803448]
 [-0.37674256 -0.37664558]]
1.1723164521860066
-1.1598496962690508
[[-0.37919105 -0.37904391]
 [-0.37779637 -0.37762548]]
1.1770866452751048
-1.1602927992535763
[[-0.38011089 -0.37990571]
 [-0.3787292  -0.37852529]]
1.2826596433997879
-1.1611901317948004
[[-0.38104642 -0.3808772 ]
 [-0.37965182 -0.37953635]]
1.4281658581316707
-1.1841432114928563
[[-0.3809826  -0.38084667]
 [-0.37962869 -0.37956855]]
1.5199480636675866
-1.241543106497328
[[-0.38058544 -0.38035435]
 [-0.37934416 -0.37923663]]
1.53870426081473
-1.2613215711465533
[[-0.38183185 -0.38149382]
 [-0.38008584 -0.38049048]]
1.5514531487396754
-1.567209074820608
[[-0.3784216  -0.37878297]
 [-0.37808641 -0.37861031]]
1.5620758685696312
-1.5590878496346823
[[-0.37742063 -0.37718139]
 [-0.37621201 -0.37607323]]
1.5181392854468831
-1.1628295525488799
[[-0.37542007 -0.37569879]
 [-0.37407992 -0.37437555]]
1.5209861156556566
-1.1639381879058712
[[-0.37424106 -0.37482933]
 [-0.37307932 -0.37367843]]
1.5707324976301535
-1.5705108561740473
[[-0.37337952 -0.37341628]
 [-0.37137463 -0.37178576]]
1.5698226964442041
-1.5606536100788495
[[-0.37186084 -0.37210939]
 [-0.37006093 -0.37040613]]
1.5688296800289006
-1.5698852245791135
[[-0.37095756 -0.37124302]
 [-0.3691399  -0.36950014]]
1.5707438805395963
-1.5672097228910769
[[-0.37077251 -0.37119216]
 [-0.36883612 -0.36926606]]
1.568921614775985
-1.5657996742282934
[[-0.37062901 -0.37115751]
 [-0.36868548 -0.36925682]]
1.5683155740635704
-1.5706338975573553
[[-0.37029901 -0.37079756]
 [-0.36833928 -0.36894499]]
1.570631465849707
-1.5695380491048228
[[-0.37074477 -0.37141529]
 [-0.36841686 -0.36919681]]
1.5690604815611318
-1.5700227356583787
[[-0.3708461  -0.37157255]
 [-0.36855675 -0.36942986]]
1.5704629679691586
-1.5695559223771844
[[-0.37044634 -0.37122247]
 [-0.36816709 -0.36905073]]
1.5702813955083004
-1.5696265030852978
[[-0.37013948 -0.37107861]
 [-0.36740315 -0.3683687 ]]
1.569896987519962
-1.5699563484468138
[[-0.37136526 -0.37229874]
 [-0.36835514 -0.36949314]]
1.5699063423990471
-1.5706311780943727
[[-0.37092821 -0.37189691]
 [-0.36804471 -0.36898197]]
1.5703176660569138
-1.5692470835064327
[[-0.37059816 -0.37169092]
 [-0.36758359 -0.36877561]]
1.5706375178579224
-1.5687152488821967
[[-0.37168785 -0.37214375]
 [-0.3685119  -0.36916132]]
1.5648408802177263
-1.570698642124422
[[-0.37262024 -0.37324158]
 [-0.36979836 -0.37036774]]
1.5696987683466508
-1.5694403094509173
[[-0.37237852 -0.37312659]
 [-0.36947101 -0.37016008]]
1.5694251577327858
-1.5691256227731347
[[-0.37146634 -0.37211907]
 [-0.3680484  -0.36879288]]
1.569573875287918
-1.5707903348718355
[[-0.37217021 -0.3726596 ]
 [-0.36816087 -0.36884452]]
1.5693969199586888
-1.5698910959707917
[[-0.37296339 -0.37359562]
 [-0.36950444 -0.37012654]]
1.569057579327539
-1.5690769038179757
[[-0.37272212 -0.37346328]
 [-0.36900797 -0.36977408]]
1.56696001472638
-1.567677183290706
[[-0.3739639  -0.37465552]
 [-0.37012461 -0.37089035]]
1.5682506196336885
-1.5699829293448815
[[-0.37291616 -0.37371414]
 [-0.36944623 -0.37020381]]
1.5637978299941018
-1.5702093046456618
[[-0.37531442 -0.37611409]
 [-0.37157768 -0.37219065]]
1.5699356435180374
-1.5683677242380147
[[-0.37639481 -0.37730645]
 [-0.37264016 -0.37340496]]
1.5697899832134332
-1.5706024091442938
[[-0.37612564 -0.37744647]
 [-0.37221785 -0.37341038]]
1.5702754769186982
-1.570467785005875
[[-0.37512116 -0.37653672]
 [-0.37152604 -0.37287767]]
1.5696415715547358
-1.565444250659415
[[-0.37520932 -0.37641571]
 [-0.37198697 -0.37344951]]
1.5686032388351578
-1.5640775101093745
[[-0.3764003  -0.37769782]
 [-0.37341611 -0.37475779]]
1.5689708237086282
-1.564323777714247
[[-0.37671731 -0.37780712]
 [-0.37379989 -0.37485582]]
1.56940084739043
-1.5691795502799455
[[-0.37581952 -0.37690256]
 [-0.37257377 -0.3735684 ]]
1.5647724486036916
-1.5690049136905893
[[-0.37562275 -0.37654484]
 [-0.37208324 -0.37306054]]
1.5698357019916633
-1.5658490850512397
[[-0.37590002 -0.37670499]
 [-0.37255259 -0.37337869]]
1.5608387483971782
-1.569169123043348
[[-0.37687918 -0.3776128 ]
 [-0.37376741 -0.37437299]]
1.5657992340015194
-1.5676637871943688
[[-0.37729289 -0.37785751]
 [-0.37386544 -0.37442479]]
1.5656648794582733
-1.5701819319908576
[[-0.37749688 -0.37799236]
 [-0.37397612 -0.37449384]]
1.5660578512201617
-1.570477567722251
[[-0.37755685 -0.37800188]
 [-0.37398333 -0.37446298]]
1.5703322189121598
-1.5699528439093449
[[-0.37770776 -0.37809841]
 [-0.37406179 -0.37449734]]
1.566310888302039
-1.5702714876903743
[[-0.37758026 -0.37789138]
 [-0.37392219 -0.37428803]]
1.5703749000183482
-1.567770251122543
[[-0.37743702 -0.37770481]
 [-0.37375078 -0.3740801 ]]
1.5671453744575465
-1.569047086401503
[[-0.37750054 -0.37776098]
 [-0.37381562 -0.37414916]]
1.5692072577475724
-1.5658639434882804
[[-0.37792606 -0.37810333]
 [-0.37451072 -0.37465004]]
1.5703366354590595
-1.5707280478238874
[[-0.37719576 -0.3773185 ]
 [-0.37352983 -0.3737206 ]]
1.5666525554531041
-1.570777904148071
[[-0.37698894 -0.37707566]
 [-0.37327908 -0.37344175]]
1.5707546855382317
-1.5686197543286122
[[-0.37688399 -0.37688808]
 [-0.37301262 -0.37326093]]
1.5704707338578976
-1.568255975589307
[[-0.37636554 -0.37635197]
 [-0.37258509 -0.37270764]]
1.5707476697645877
-1.5694330596132648
[[-0.37585059 -0.37587303]
 [-0.37228052 -0.37245821]]
1.5703350019930216
-1.565712414520546
[[-0.37514246 -0.37509333]
 [-0.37161963 -0.37169895]]
1.5693369659475838
-1.5660336195555487
[[-0.37467229 -0.37461809]
 [-0.37110417 -0.37119975]]
1.5683776958368902
-1.568732237534327
[[-0.37454235 -0.37445816]
 [-0.37093788 -0.37100403]]
1.5706949917325872
-1.570591134894302
[[-0.3739965  -0.37403287]
 [-0.37007292 -0.37025257]]
1.5686349426166648
-1.5694969844075275
[[-0.37364871 -0.37363232]
 [-0.36976202 -0.3698857 ]]
1.5704589927245498
-1.5698489783011178
[[-0.37322361 -0.37315288]
 [-0.36937211 -0.36944289]]
1.5699403093866868
-1.5706443427170171
[[-0.37288089 -0.37275887]
 [-0.36904975 -0.36907598]]
1.5691648160048672
-1.5679862426982942
[[-0.37245706 -0.37228473]
 [-0.36867951 -0.36865825]]
1.570098799901327
-1.5699630712640045
[[-0.37182177 -0.37163803]
 [-0.36788412 -0.3678776 ]]
1.570407035693606
-1.5693133516507187
[[-0.37099822 -0.3708141 ]
 [-0.36714851 -0.3672035 ]]
1.5694499598827967
-1.5705717682503852
[[-0.3704827  -0.37032495]
 [-0.36672178 -0.36672036]]
1.5703717724353015
-1.5705906138989145
